<?xml version="1.0" encoding="UTF-8"?>
<testng-results ignored="0" total="4" passed="4" failed="0" skipped="0">
  <reporter-output>
  </reporter-output>
  <suite started-at="2025-04-23T07:18:15 IST" name="Suite" finished-at="2025-04-23T07:19:00 IST" duration-ms="44833">
    <groups>
    </groups>
    <test started-at="2025-04-23T07:18:15 IST" name="Test" finished-at="2025-04-23T07:19:00 IST" duration-ms="44833">
      <class name="com.test.LoginTest">
        <test-method is-config="true" signature="setup()[pri:0, instance:com.test.LoginTest@33c911a1]" started-at="2025-04-23T07:18:15 IST" name="setup" finished-at="2025-04-23T07:18:15 IST" duration-ms="18" status="PASS">
          <reporter-output>
          </reporter-output>
        </test-method> <!-- setup -->
        <test-method is-config="true" signature="setupDriver()[pri:0, instance:com.test.LoginTest@33c911a1]" started-at="2025-04-23T07:18:15 IST" name="setupDriver" finished-at="2025-04-23T07:18:24 IST" duration-ms="9384" status="PASS">
          <reporter-output>
          </reporter-output>
        </test-method> <!-- setupDriver -->
        <test-method signature="loginValidation(java.lang.String,java.lang.String,java.lang.String)[pri:0, instance:com.test.LoginTest@33c911a1]" started-at="2025-04-23T07:18:24 IST" name="loginValidation" data-provider="loginDetails" finished-at="2025-04-23T07:18:29 IST" duration-ms="4401" status="PASS">
          <params>
            <param index="0">
              <value>
                <![CDATA[atgs2@gmail.com]]>
              </value>
            </param>
            <param index="1">
              <value>
                <![CDATA[12345]]>
              </value>
            </param>
            <param index="2">
              <value>
                <![CDATA[check1]]>
              </value>
            </param>
          </params>
          <reporter-output>
          </reporter-output>
        </test-method> <!-- loginValidation -->
        <test-method is-config="true" signature="cleanup()[pri:0, instance:com.test.LoginTest@33c911a1]" started-at="2025-04-23T07:18:29 IST" name="cleanup" finished-at="2025-04-23T07:18:29 IST" duration-ms="497" status="PASS">
          <reporter-output>
          </reporter-output>
        </test-method> <!-- cleanup -->
        <test-method is-config="true" signature="setupDriver()[pri:0, instance:com.test.LoginTest@33c911a1]" started-at="2025-04-23T07:18:29 IST" name="setupDriver" finished-at="2025-04-23T07:18:34 IST" duration-ms="5323" status="PASS">
          <reporter-output>
          </reporter-output>
        </test-method> <!-- setupDriver -->
        <test-method signature="loginValidation(java.lang.String,java.lang.String,java.lang.String)[pri:0, instance:com.test.LoginTest@33c911a1]" started-at="2025-04-23T07:18:34 IST" name="loginValidation" data-provider="loginDetails" finished-at="2025-04-23T07:18:40 IST" duration-ms="5178" status="PASS">
          <params>
            <param index="0">
              <value>
                <![CDATA[atk62@gmail.com]]>
              </value>
            </param>
            <param index="1">
              <value>
                <![CDATA[1234]]>
              </value>
            </param>
            <param index="2">
              <value>
                <![CDATA[check2]]>
              </value>
            </param>
          </params>
          <reporter-output>
          </reporter-output>
        </test-method> <!-- loginValidation -->
        <test-method is-config="true" signature="cleanup()[pri:0, instance:com.test.LoginTest@33c911a1]" started-at="2025-04-23T07:18:40 IST" name="cleanup" finished-at="2025-04-23T07:18:40 IST" duration-ms="420" status="PASS">
          <reporter-output>
          </reporter-output>
        </test-method> <!-- cleanup -->
        <test-method is-config="true" signature="setupDriver()[pri:0, instance:com.test.LoginTest@33c911a1]" started-at="2025-04-23T07:18:40 IST" name="setupDriver" finished-at="2025-04-23T07:18:45 IST" duration-ms="5176" status="PASS">
          <reporter-output>
          </reporter-output>
        </test-method> <!-- setupDriver -->
        <test-method signature="loginValidation(java.lang.String,java.lang.String,java.lang.String)[pri:0, instance:com.test.LoginTest@33c911a1]" started-at="2025-04-23T07:18:45 IST" name="loginValidation" data-provider="loginDetails" finished-at="2025-04-23T07:18:49 IST" duration-ms="4077" status="PASS">
          <params>
            <param index="0">
              <value>
                <![CDATA[]]>
              </value>
            </param>
            <param index="1">
              <value>
                <![CDATA[12345]]>
              </value>
            </param>
            <param index="2">
              <value>
                <![CDATA[check3]]>
              </value>
            </param>
          </params>
          <reporter-output>
          </reporter-output>
        </test-method> <!-- loginValidation -->
        <test-method is-config="true" signature="cleanup()[pri:0, instance:com.test.LoginTest@33c911a1]" started-at="2025-04-23T07:18:49 IST" name="cleanup" finished-at="2025-04-23T07:18:50 IST" duration-ms="384" status="PASS">
          <reporter-output>
          </reporter-output>
        </test-method> <!-- cleanup -->
        <test-method is-config="true" signature="setupDriver()[pri:0, instance:com.test.LoginTest@33c911a1]" started-at="2025-04-23T07:18:50 IST" name="setupDriver" finished-at="2025-04-23T07:18:55 IST" duration-ms="5336" status="PASS">
          <reporter-output>
          </reporter-output>
        </test-method> <!-- setupDriver -->
        <test-method signature="loginValidation(java.lang.String,java.lang.String,java.lang.String)[pri:0, instance:com.test.LoginTest@33c911a1]" started-at="2025-04-23T07:18:55 IST" name="loginValidation" data-provider="loginDetails" finished-at="2025-04-23T07:18:59 IST" duration-ms="4149" status="PASS">
          <params>
            <param index="0">
              <value>
                <![CDATA[]]>
              </value>
            </param>
            <param index="1">
              <value>
                <![CDATA[]]>
              </value>
            </param>
            <param index="2">
              <value>
                <![CDATA[check4]]>
              </value>
            </param>
          </params>
          <reporter-output>
          </reporter-output>
        </test-method> <!-- loginValidation -->
        <test-method is-config="true" signature="cleanup()[pri:0, instance:com.test.LoginTest@33c911a1]" started-at="2025-04-23T07:18:59 IST" name="cleanup" finished-at="2025-04-23T07:19:00 IST" duration-ms="420" status="PASS">
          <reporter-output>
          </reporter-output>
        </test-method> <!-- cleanup -->
      </class> <!-- com.test.LoginTest -->
    </test> <!-- Test -->
  </suite> <!-- Suite -->
</testng-results>
