<?xml version="1.0" encoding="UTF-8"?>
<!-- Generated by org.testng.reporters.JUnitXMLReporter -->
<testsuite ignored="0" hostname="LAPTOP-LEC46EMO" failures="0" tests="4" name="Test" time="44.833" errors="0" timestamp="2025-04-23T07:19:00 IST">
  <testcase classname="com.test.LoginTest" name="loginValidation" time="4.401"/>
  <testcase classname="com.test.LoginTest" name="loginValidation" time="5.178"/>
  <testcase classname="com.test.LoginTest" name="loginValidation" time="4.077"/>
  <testcase classname="com.test.LoginTest" name="loginValidation" time="4.149"/>
</testsuite> <!-- Test -->
